<?xml version="1.0" encoding="UTF-8"?>
<coverage generated="1781968592368" clover="3.2.0">
  <project timestamp="1781968592369" name="All files">
    <metrics statements="34" coveredstatements="34" conditionals="22" coveredconditionals="21" methods="19" coveredmethods="19" elements="75" coveredelements="74" complexity="0" loc="34" ncloc="34" packages="2" files="5" classes="5"/>
    <package name="src">
      <metrics statements="9" coveredstatements="9" conditionals="4" coveredconditionals="3" methods="10" coveredmethods="10"/>
      <file name="App.jsx" path="C:\Users\sulim\todo-app\src\App.jsx">
        <metrics statements="9" coveredstatements="9" conditionals="4" coveredconditionals="3" methods="10" coveredmethods="10"/>
        <line num="6" count="14" type="stmt"/>
        <line num="9" count="5" type="stmt"/>
        <line num="15" count="5" type="stmt"/>
        <line num="19" count="3" type="stmt"/>
        <line num="23" count="2" type="stmt"/>
        <line num="24" count="2" type="stmt"/>
        <line num="25" count="2" type="cond" truecount="1" falsecount="1"/>
        <line num="30" count="14" type="stmt"/>
        <line num="44" count="9" type="stmt"/>
      </file>
    </package>
    <package name="src.components">
      <metrics statements="25" coveredstatements="25" conditionals="18" coveredconditionals="18" methods="9" coveredmethods="9"/>
      <file name="AddTodoForm.jsx" path="C:\Users\sulim\todo-app\src\components\AddTodoForm.jsx">
        <metrics statements="18" coveredstatements="18" conditionals="6" coveredconditionals="6" methods="4" coveredmethods="4"/>
        <line num="6" count="179" type="stmt"/>
        <line num="7" count="179" type="stmt"/>
        <line num="8" count="179" type="stmt"/>
        <line num="11" count="10" type="stmt"/>
        <line num="13" count="10" type="stmt"/>
        <line num="15" count="10" type="cond" truecount="2" falsecount="0"/>
        <line num="16" count="2" type="stmt"/>
        <line num="17" count="2" type="stmt"/>
        <line num="20" count="8" type="cond" truecount="2" falsecount="0"/>
        <line num="21" count="1" type="stmt"/>
        <line num="22" count="1" type="stmt"/>
        <line num="25" count="7" type="stmt"/>
        <line num="26" count="7" type="stmt"/>
        <line num="27" count="7" type="stmt"/>
        <line num="28" count="7" type="stmt"/>
        <line num="31" count="179" type="stmt"/>
        <line num="37" count="138" type="stmt"/>
        <line num="44" count="16" type="stmt"/>
      </file>
      <file name="Button.jsx" path="C:\Users\sulim\todo-app\src\components\Button.jsx">
        <metrics statements="2" coveredstatements="2" conditionals="4" coveredconditionals="4" methods="1" coveredmethods="1"/>
        <line num="2" count="210" type="stmt"/>
        <line num="4" count="210" type="stmt"/>
      </file>
      <file name="InputField.jsx" path="C:\Users\sulim\todo-app\src\components\InputField.jsx">
        <metrics statements="1" coveredstatements="1" conditionals="0" coveredconditionals="0" methods="1" coveredmethods="1"/>
        <line num="2" count="362" type="stmt"/>
      </file>
      <file name="TodoItem.jsx" path="C:\Users\sulim\todo-app\src\components\TodoItem.jsx">
        <metrics statements="4" coveredstatements="4" conditionals="8" coveredconditionals="8" methods="3" coveredmethods="3"/>
        <line num="4" count="14" type="cond" truecount="2" falsecount="0"/>
        <line num="6" count="14" type="stmt"/>
        <line num="17" count="3" type="stmt"/>
        <line num="27" count="3" type="stmt"/>
      </file>
    </package>
  </project>
</coverage>
