{"C:\\Users\\sulim\\todo-app\\src\\App.jsx": {"path":"C:\\Users\\sulim\\todo-app\\src\\App.jsx","statementMap":{"0":{"start":{"line":6,"column":16},"end":{"line":6,"column":null}},"1":{"start":{"line":9,"column":20},"end":{"line":14,"column":null}},"2":{"start":{"line":15,"column":4},"end":{"line":15,"column":null}},"3":{"start":{"line":15,"column":23},"end":{"line":15,"column":41}},"4":{"start":{"line":19,"column":4},"end":{"line":19,"column":null}},"5":{"start":{"line":19,"column":23},"end":{"line":19,"column":68}},"6":{"start":{"line":19,"column":45},"end":{"line":19,"column":67}},"7":{"start":{"line":23,"column":4},"end":{"line":27,"column":null}},"8":{"start":{"line":24,"column":6},"end":{"line":26,"column":null}},"9":{"start":{"line":25,"column":8},"end":{"line":25,"column":null}},"10":{"start":{"line":30,"column":2},"end":{"line":54,"column":null}},"11":{"start":{"line":44,"column":14},"end":{"line":49,"column":null}}},"fnMap":{"0":{"name":"App","decl":{"start":{"line":5,"column":9},"end":{"line":5,"column":15}},"loc":{"start":{"line":5,"column":15},"end":{"line":56,"column":null}},"line":5},"1":{"name":"addTodo","decl":{"start":{"line":8,"column":11},"end":{"line":8,"column":19}},"loc":{"start":{"line":8,"column":35},"end":{"line":16,"column":null}},"line":8},"2":{"name":"(anonymous_2)","decl":{"start":{"line":15,"column":4},"end":{"line":15,"column":14}},"loc":{"start":{"line":15,"column":23},"end":{"line":15,"column":41}},"line":15},"3":{"name":"deleteTodo","decl":{"start":{"line":18,"column":11},"end":{"line":18,"column":22}},"loc":{"start":{"line":18,"column":34},"end":{"line":20,"column":null}},"line":18},"4":{"name":"(anonymous_4)","decl":{"start":{"line":19,"column":4},"end":{"line":19,"column":14}},"loc":{"start":{"line":19,"column":23},"end":{"line":19,"column":68}},"line":19},"5":{"name":"(anonymous_5)","decl":{"start":{"line":19,"column":28},"end":{"line":19,"column":36}},"loc":{"start":{"line":19,"column":45},"end":{"line":19,"column":67}},"line":19},"6":{"name":"toggleTodo","decl":{"start":{"line":22,"column":11},"end":{"line":22,"column":22}},"loc":{"start":{"line":22,"column":34},"end":{"line":28,"column":null}},"line":22},"7":{"name":"(anonymous_7)","decl":{"start":{"line":23,"column":4},"end":{"line":23,"column":14}},"loc":{"start":{"line":24,"column":6},"end":{"line":26,"column":null}},"line":24},"8":{"name":"(anonymous_8)","decl":{"start":{"line":24,"column":11},"end":{"line":24,"column":16}},"loc":{"start":{"line":25,"column":8},"end":{"line":25,"column":null}},"line":25},"9":{"name":"(anonymous_9)","decl":{"start":{"line":43,"column":19},"end":{"line":43,"column":24}},"loc":{"start":{"line":44,"column":14},"end":{"line":49,"column":null}},"line":44}},"branchMap":{"0":{"loc":{"start":{"line":25,"column":8},"end":{"line":25,"column":null}},"type":"cond-expr","locations":[{"start":{"line":25,"column":33},"end":{"line":25,"column":65}},{"start":{"line":25,"column":65},"end":{"line":25,"column":null}}],"line":25},"1":{"loc":{"start":{"line":39,"column":9},"end":{"line":51,"column":null}},"type":"cond-expr","locations":[{"start":{"line":40,"column":10},"end":{"line":42,"column":11}},{"start":{"line":42,"column":10},"end":{"line":51,"column":null}}],"line":39}},"s":{"0":14,"1":5,"2":5,"3":5,"4":2,"5":2,"6":3,"7":2,"8":2,"9":2,"10":14,"11":9},"f":{"0":14,"1":5,"2":5,"3":2,"4":2,"5":3,"6":2,"7":2,"8":2,"9":9},"b":{"0":[2,0],"1":[6,8]},"meta":{"lastBranch":2,"lastFunction":10,"lastStatement":12,"seen":{"f:5:9:5:15":0,"s:6:16:6:Infinity":0,"f:8:11:8:19":1,"s:9:20:14:Infinity":1,"s:15:4:15:Infinity":2,"f:15:4:15:14":2,"s:15:23:15:41":3,"f:18:11:18:22":3,"s:19:4:19:Infinity":4,"f:19:4:19:14":4,"s:19:23:19:68":5,"f:19:28:19:36":5,"s:19:45:19:67":6,"f:22:11:22:22":6,"s:23:4:27:Infinity":7,"f:23:4:23:14":7,"s:24:6:26:Infinity":8,"f:24:11:24:16":8,"s:25:8:25:Infinity":9,"b:25:33:25:65:25:65:25:Infinity":0,"s:30:2:54:Infinity":10,"b:40:10:42:11:42:10:51:Infinity":1,"f:43:19:43:24":9,"s:44:14:49:Infinity":11},"fnNames":{}}}
,"C:\\Users\\sulim\\todo-app\\src\\components\\AddTodoForm.jsx": {"path":"C:\\Users\\sulim\\todo-app\\src\\components\\AddTodoForm.jsx","statementMap":{"0":{"start":{"line":6,"column":16},"end":{"line":6,"column":null}},"1":{"start":{"line":7,"column":18},"end":{"line":7,"column":null}},"2":{"start":{"line":8,"column":19},"end":{"line":8,"column":null}},"3":{"start":{"line":11,"column":4},"end":{"line":11,"column":null}},"4":{"start":{"line":13,"column":23},"end":{"line":13,"column":null}},"5":{"start":{"line":15,"column":4},"end":{"line":18,"column":null}},"6":{"start":{"line":16,"column":6},"end":{"line":16,"column":null}},"7":{"start":{"line":17,"column":6},"end":{"line":17,"column":null}},"8":{"start":{"line":20,"column":4},"end":{"line":23,"column":null}},"9":{"start":{"line":21,"column":6},"end":{"line":21,"column":null}},"10":{"start":{"line":22,"column":6},"end":{"line":22,"column":null}},"11":{"start":{"line":25,"column":4},"end":{"line":25,"column":null}},"12":{"start":{"line":26,"column":4},"end":{"line":26,"column":null}},"13":{"start":{"line":27,"column":4},"end":{"line":27,"column":null}},"14":{"start":{"line":28,"column":4},"end":{"line":28,"column":null}},"15":{"start":{"line":31,"column":2},"end":{"line":54,"column":null}},"16":{"start":{"line":37,"column":25},"end":{"line":37,"column":null}},"17":{"start":{"line":44,"column":25},"end":{"line":44,"column":null}}},"fnMap":{"0":{"name":"AddTodoForm","decl":{"start":{"line":5,"column":9},"end":{"line":5,"column":21}},"loc":{"start":{"line":5,"column":32},"end":{"line":56,"column":null}},"line":5},"1":{"name":"handleSubmit","decl":{"start":{"line":10,"column":11},"end":{"line":10,"column":24}},"loc":{"start":{"line":10,"column":31},"end":{"line":29,"column":null}},"line":10},"2":{"name":"(anonymous_2)","decl":{"start":{"line":37,"column":8},"end":{"line":37,"column":19}},"loc":{"start":{"line":37,"column":25},"end":{"line":37,"column":null}},"line":37},"3":{"name":"(anonymous_3)","decl":{"start":{"line":44,"column":8},"end":{"line":44,"column":19}},"loc":{"start":{"line":44,"column":25},"end":{"line":44,"column":null}},"line":44}},"branchMap":{"0":{"loc":{"start":{"line":15,"column":4},"end":{"line":18,"column":null}},"type":"if","locations":[{"start":{"line":15,"column":4},"end":{"line":18,"column":null}},{"start":{},"end":{}}],"line":15},"1":{"loc":{"start":{"line":20,"column":4},"end":{"line":23,"column":null}},"type":"if","locations":[{"start":{"line":20,"column":4},"end":{"line":23,"column":null}},{"start":{},"end":{}}],"line":20},"2":{"loc":{"start":{"line":49,"column":7},"end":{"line":52,"column":null}},"type":"binary-expr","locations":[{"start":{"line":49,"column":7},"end":{"line":49,"column":null}},{"start":{"line":50,"column":8},"end":{"line":52,"column":null}}],"line":49}},"s":{"0":179,"1":179,"2":179,"3":10,"4":10,"5":10,"6":2,"7":2,"8":8,"9":1,"10":1,"11":7,"12":7,"13":7,"14":7,"15":179,"16":138,"17":16},"f":{"0":179,"1":10,"2":138,"3":16},"b":{"0":[2,8],"1":[1,7],"2":[179,3]},"meta":{"lastBranch":3,"lastFunction":4,"lastStatement":18,"seen":{"f:5:9:5:21":0,"s:6:16:6:Infinity":0,"s:7:18:7:Infinity":1,"s:8:19:8:Infinity":2,"f:10:11:10:24":1,"s:11:4:11:Infinity":3,"s:13:23:13:Infinity":4,"b:15:4:18:Infinity:undefined:undefined:undefined:undefined":0,"s:15:4:18:Infinity":5,"s:16:6:16:Infinity":6,"s:17:6:17:Infinity":7,"b:20:4:23:Infinity:undefined:undefined:undefined:undefined":1,"s:20:4:23:Infinity":8,"s:21:6:21:Infinity":9,"s:22:6:22:Infinity":10,"s:25:4:25:Infinity":11,"s:26:4:26:Infinity":12,"s:27:4:27:Infinity":13,"s:28:4:28:Infinity":14,"s:31:2:54:Infinity":15,"f:37:8:37:19":2,"s:37:25:37:Infinity":16,"f:44:8:44:19":3,"s:44:25:44:Infinity":17,"b:49:7:49:Infinity:50:8:52:Infinity":2},"fnNames":{}}}
,"C:\\Users\\sulim\\todo-app\\src\\components\\Button.jsx": {"path":"C:\\Users\\sulim\\todo-app\\src\\components\\Button.jsx","statementMap":{"0":{"start":{"line":2,"column":20},"end":{"line":2,"column":null}},"1":{"start":{"line":4,"column":2},"end":{"line":12,"column":null}}},"fnMap":{"0":{"name":"Button","decl":{"start":{"line":1,"column":9},"end":{"line":1,"column":16}},"loc":{"start":{"line":1,"column":85},"end":{"line":14,"column":null}},"line":1}},"branchMap":{"0":{"loc":{"start":{"line":1,"column":34},"end":{"line":1,"column":51}},"type":"default-arg","locations":[{"start":{"line":1,"column":41},"end":{"line":1,"column":51}}],"line":1},"1":{"loc":{"start":{"line":1,"column":51},"end":{"line":1,"column":72}},"type":"default-arg","locations":[{"start":{"line":1,"column":61},"end":{"line":1,"column":72}}],"line":1},"2":{"loc":{"start":{"line":9,"column":18},"end":{"line":9,"column":null}},"type":"binary-expr","locations":[{"start":{"line":9,"column":18},"end":{"line":9,"column":31}},{"start":{"line":9,"column":31},"end":{"line":9,"column":null}}],"line":9}},"s":{"0":210,"1":210},"f":{"0":210},"b":{"0":[210],"1":[210],"2":[210,181]},"meta":{"lastBranch":3,"lastFunction":1,"lastStatement":2,"seen":{"f:1:9:1:16":0,"b:1:41:1:51":0,"b:1:61:1:72":1,"s:2:20:2:Infinity":0,"s:4:2:12:Infinity":1,"b:9:18:9:31:9:31:9:Infinity":2},"fnNames":{}}}
,"C:\\Users\\sulim\\todo-app\\src\\components\\InputField.jsx": {"path":"C:\\Users\\sulim\\todo-app\\src\\components\\InputField.jsx","statementMap":{"0":{"start":{"line":2,"column":2},"end":{"line":15,"column":null}}},"fnMap":{"0":{"name":"InputField","decl":{"start":{"line":1,"column":9},"end":{"line":1,"column":20}},"loc":{"start":{"line":1,"column":65},"end":{"line":17,"column":null}},"line":1}},"branchMap":{},"s":{"0":362},"f":{"0":362},"b":{},"meta":{"lastBranch":0,"lastFunction":1,"lastStatement":1,"seen":{"f:1:9:1:20":0,"s:2:2:15:Infinity":0},"fnNames":{}}}
,"C:\\Users\\sulim\\todo-app\\src\\components\\TodoItem.jsx": {"path":"C:\\Users\\sulim\\todo-app\\src\\components\\TodoItem.jsx","statementMap":{"0":{"start":{"line":4,"column":20},"end":{"line":4,"column":null}},"1":{"start":{"line":6,"column":2},"end":{"line":31,"column":null}},"2":{"start":{"line":17,"column":25},"end":{"line":17,"column":null}},"3":{"start":{"line":27,"column":25},"end":{"line":27,"column":null}}},"fnMap":{"0":{"name":"TodoItem","decl":{"start":{"line":3,"column":9},"end":{"line":3,"column":18}},"loc":{"start":{"line":3,"column":48},"end":{"line":33,"column":null}},"line":3},"1":{"name":"(anonymous_1)","decl":{"start":{"line":17,"column":10},"end":{"line":17,"column":25}},"loc":{"start":{"line":17,"column":25},"end":{"line":17,"column":null}},"line":17},"2":{"name":"(anonymous_2)","decl":{"start":{"line":27,"column":10},"end":{"line":27,"column":25}},"loc":{"start":{"line":27,"column":25},"end":{"line":27,"column":null}},"line":27}},"branchMap":{"0":{"loc":{"start":{"line":4,"column":20},"end":{"line":4,"column":null}},"type":"cond-expr","locations":[{"start":{"line":4,"column":32},"end":{"line":4,"column":54}},{"start":{"line":4,"column":54},"end":{"line":4,"column":null}}],"line":4},"1":{"loc":{"start":{"line":15,"column":17},"end":{"line":15,"column":null}},"type":"cond-expr","locations":[{"start":{"line":15,"column":29},"end":{"line":15,"column":38}},{"start":{"line":15,"column":38},"end":{"line":15,"column":null}}],"line":15},"2":{"loc":{"start":{"line":16,"column":19},"end":{"line":16,"column":null}},"type":"cond-expr","locations":[{"start":{"line":16,"column":31},"end":{"line":16,"column":43}},{"start":{"line":16,"column":43},"end":{"line":16,"column":null}}],"line":16},"3":{"loc":{"start":{"line":19,"column":12},"end":{"line":21,"column":null}},"type":"cond-expr","locations":[{"start":{"line":20,"column":16},"end":{"line":20,"column":null}},{"start":{"line":21,"column":16},"end":{"line":21,"column":null}}],"line":19}},"s":{"0":14,"1":14,"2":3,"3":3},"f":{"0":14,"1":3,"2":3},"b":{"0":[2,12],"1":[2,12],"2":[2,12],"3":[2,12]},"meta":{"lastBranch":4,"lastFunction":3,"lastStatement":4,"seen":{"f:3:9:3:18":0,"s:4:20:4:Infinity":0,"b:4:32:4:54:4:54:4:Infinity":0,"s:6:2:31:Infinity":1,"b:15:29:15:38:15:38:15:Infinity":1,"b:16:31:16:43:16:43:16:Infinity":2,"f:17:10:17:25":1,"s:17:25:17:Infinity":2,"b:20:16:20:Infinity:21:16:21:Infinity":3,"f:27:10:27:25":2,"s:27:25:27:Infinity":3},"fnNames":{}}}
}
